<?xml version="1.0" encoding="UTF-8"?>
<testsuite xmlns:xsi="http://www.w3.org/2001/XMLSchema-instance" xsi:schemaLocation="https://maven.apache.org/surefire/maven-surefire-plugin/xsd/surefire-test-report.xsd" name="TestSuite" time="1.007" tests="3" errors="0" skipped="2" failures="1">
  <properties>
[...]
</properties>
  <testcase name="setUp" classname="com.Cat.Appium_Cat.tests.TestSample" time="0.847">
    <failure message="Could not start a new session. Possible causes are invalid address of the remote server or browser start-up failure.&#10;Build info: version: &apos;2.53.0&apos;, revision: &apos;35ae25b1534ae328c771e0856c93e187490ca824&apos;, time: &apos;2016-03-15 10:43:46&apos;&#10;System info: host: &apos;holbmac0323&apos;, ip: &apos;172.24.80.29&apos;, os.name: &apos;Mac OS X&apos;, os.arch: &apos;x86_64&apos;, os.version: &apos;10.11.6&apos;, java.version: &apos;1.8.0_91&apos;&#10;Driver info: driver.version: AndroidDriver" type="org.openqa.selenium.remote.UnreachableBrowserException">org.openqa.selenium.remote.UnreachableBrowserException: 
Could not start a new session. Possible causes are invalid address of the remote server or browser start-up failure.
Build info: version: '2.53.0', revision: '35ae25b1534ae328c771e0856c93e187490ca824', time: '2016-03-15 10:43:46'
System info: host: 'holbmac0323', ip: '172.24.80.29', os.name: 'Mac OS X', os.arch: 'x86_64', os.version: '10.11.6', java.version: '1.8.0_91'
Driver info: driver.version: AndroidDriver
Caused by: org.openqa.selenium.WebDriverException: 
org.apache.http.conn.HttpHostConnectException: Connect to 127.0.0.1:4723 [/127.0.0.1] failed: Connection refused
Build info: version: '2.53.0', revision: '35ae25b1534ae328c771e0856c93e187490ca824', time: '2016-03-15 10:43:46'
System info: host: 'holbmac0323', ip: '172.24.80.29', os.name: 'Mac OS X', os.arch: 'x86_64', os.version: '10.11.6', java.version: '1.8.0_91'
Driver info: driver.version: AndroidDriver
Caused by: org.apache.http.conn.HttpHostConnectException: Connect to 127.0.0.1:4723 [/127.0.0.1] failed: Connection refused
Caused by: java.net.ConnectException: Connection refused
</failure>
    <system-out><![CDATA[[TestNGContentHandler] [WARN] It is strongly recommended to add "<!DOCTYPE suite SYSTEM "http://testng.org/testng-1.0.dtd" >" at the top of your file, otherwise TestNG may fail or not work as expected.
[TestRunner] Running the tests in 'login' with parallel mode:none
[RunInfo] Adding method selector: org.testng.internal.XmlMethodSelector@7ca48474 priority: 10
[TestClass] Creating TestClass for [ClassImpl class=com.Cat.Appium_Cat.tests.TestSample]
[TestClass] Adding method TestSample.sampletest()[pri:0, instance:null] on TestClass class com.Cat.Appium_Cat.tests.TestSample
[XmlMethodSelector] Including method com.Cat.Appium_Cat.tests.setUp()
[XmlMethodSelector] Including method com.Cat.Appium_Cat.tests.tearDown()
[XmlMethodSelector] Including method com.Cat.Appium_Cat.tests.sampletest()
[TestNG] Running:
  /Users/ramana.sadaneni/jubilant-succotash/appium-tests/testng.xml

[Invoker 101478235] Keeping method TestBase.beforeSuite(org.testng.ITestContext)[pri:0, instance:com.Cat.Appium_Cat.tests.TestSample@6adede5] for class null
[Invoker 101478235] Invoking @BeforeSuite TestBase.beforeSuite(org.testng.ITestContext)[pri:0, instance:com.Cat.Appium_Cat.tests.TestSample@6adede5]
repeat_failed_tests = 0
[SuiteRunner] Created 1 TestRunners
[TestRunner] Running test login on 1  classes,  included groups:[] excluded groups:[]
===== Test class
com.Cat.Appium_Cat.tests.TestSample
  @BeforeMethod TestBase.setUp()[pri:0, instance:com.Cat.Appium_Cat.tests.TestSample@6adede5]
    @Test TestSample.sampletest()[pri:0, instance:com.Cat.Appium_Cat.tests.TestSample@6adede5]
  @AfterMethod TestBase.tearDown()[pri:0, instance:com.Cat.Appium_Cat.tests.TestSample@6adede5]
======
[Invoker 101478235] Keeping method TestBase.setUp()[pri:0, instance:com.Cat.Appium_Cat.tests.TestSample@6adede5] for class [TestClass name=class com.Cat.Appium_Cat.tests.TestSample]
[Invoker 101478235] Keeping method TestBase.tearDown()[pri:0, instance:com.Cat.Appium_Cat.tests.TestSample@6adede5] for class [TestClass name=class com.Cat.Appium_Cat.tests.TestSample]
[Invoker 101478235] Keeping method TestBase.setUp()[pri:0, instance:com.Cat.Appium_Cat.tests.TestSample@6adede5] for class [TestClass name=class com.Cat.Appium_Cat.tests.TestSample]
[Invoker 101478235] Invoking @BeforeMethod TestBase.setUp()[pri:0, instance:com.Cat.Appium_Cat.tests.TestSample@6adede5]
platform_name = Android
device_name = Android Device
app_path = ../../app/build/outputs/apk/app-debug.apk
device_udid = 
appium_server_host = 127.0.0.1
appium_server_port = 4723
Failed to invoke configuration method com.Cat.Appium_Cat.tests.TestBase.setUp:Could not start a new session. Possible causes are invalid address of the remote server or browser start-up failure.
Build info: version: '2.53.0', revision: '35ae25b1534ae328c771e0856c93e187490ca824', time: '2016-03-15 10:43:46'
System info: host: 'holbmac0323', ip: '172.24.80.29', os.name: 'Mac OS X', os.arch: 'x86_64', os.version: '10.11.6', java.version: '1.8.0_91'
Driver info: driver.version: AndroidDriver
]]></system-out>
  </testcase>
  <testcase name="sampletest" classname="com.Cat.Appium_Cat.tests.TestSample" time="0">
    <skipped/>
  </testcase>
  <testcase name="tearDown" classname="com.Cat.Appium_Cat.tests.TestSample" time="0">
    <skipped/>
    <system-out><![CDATA[[Invoker 101478235] Keeping method TestBase.tearDown()[pri:0, instance:com.Cat.Appium_Cat.tests.TestSample@6adede5] for class [TestClass name=class com.Cat.Appium_Cat.tests.TestSample]
]]></system-out>
  </testcase>
</testsuite>